生成启动时间为 2016/7/9 17:12:19。
     1>项目“I:\Code\CV\opencv\1\test10\SVM_SelfLearningNEG\SVM_SelfLearningNEG\SVM_SelfLearningNEG.vcxproj”在节点 2 上(Build 个目标)。
     1>ClCompile:
         E:\WorkApp\VS\VC\bin\CL.exe /c /Zi /nologo /W3 /WX- /O2 /Oi /Oy- /GL /D _MBCS /Gm- /EHsc /MD /GS /Gy /fp:precise /Zc:wchar_t /Zc:forScope /Fo"Release\\" /Fd"Release\vc110.pdb" /Gd /TP /analyze- /errorReport:prompt "源.cpp"
         源.cpp
     1>E:\WorkApp\opencv\build\include\opencv2/core/mat.hpp(1965): warning C4819: 该文件包含不能在当前代码页(936)中表示的字符。请将该文件保存为 Unicode 格式以防止数据丢失
     1>E:\WorkApp\opencv\build\include\opencv2/core/persistence.hpp : warning C4819: 该文件包含不能在当前代码页(936)中表示的字符。请将该文件保存为 Unicode 格式以防止数据丢失
     1>E:\WorkApp\opencv\build\include\opencv2/core/utility.hpp : warning C4819: 该文件包含不能在当前代码页(936)中表示的字符。请将该文件保存为 Unicode 格式以防止数据丢失
     1>源.cpp(31): warning C4996: 'fopen': This function or variable may be unsafe. Consider using fopen_s instead. To disable deprecation, use _CRT_SECURE_NO_WARNINGS. See online help for details.
                 E:\WorkApp\VS\VC\include\stdio.h(218) : 参见“fopen”的声明
     1>源.cpp(32): warning C4996: 'fopen': This function or variable may be unsafe. Consider using fopen_s instead. To disable deprecation, use _CRT_SECURE_NO_WARNINGS. See online help for details.
                 E:\WorkApp\VS\VC\include\stdio.h(218) : 参见“fopen”的声明
     1>源.cpp(62): warning C4996: 'sprintf': This function or variable may be unsafe. Consider using sprintf_s instead. To disable deprecation, use _CRT_SECURE_NO_WARNINGS. See online help for details.
                 E:\WorkApp\VS\VC\include\stdio.h(357) : 参见“sprintf”的声明
     1>源.cpp(69): warning C4018: “<”: 有符号/无符号不匹配
     1>源.cpp(90): warning C4996: 'sprintf': This function or variable may be unsafe. Consider using sprintf_s instead. To disable deprecation, use _CRT_SECURE_NO_WARNINGS. See online help for details.
                 E:\WorkApp\VS\VC\include\stdio.h(357) : 参见“sprintf”的声明
     1>源.cpp(97): warning C4018: “<”: 有符号/无符号不匹配
     1>源.cpp(184): warning C4996: 'fopen': This function or variable may be unsafe. Consider using fopen_s instead. To disable deprecation, use _CRT_SECURE_NO_WARNINGS. See online help for details.
                 E:\WorkApp\VS\VC\include\stdio.h(218) : 参见“fopen”的声明
     1>源.cpp(186): warning C4018: “<”: 有符号/无符号不匹配
     1>源.cpp(193): warning C4996: 'sprintf': This function or variable may be unsafe. Consider using sprintf_s instead. To disable deprecation, use _CRT_SECURE_NO_WARNINGS. See online help for details.
                 E:\WorkApp\VS\VC\include\stdio.h(357) : 参见“sprintf”的声明
       Link:
         E:\WorkApp\VS\VC\bin\link.exe /ERRORREPORT:PROMPT /OUT:"I:\Code\CV\opencv\1\test10\SVM_SelfLearningNEG\Release\SVM_SelfLearningNEG.exe" /NOLOGO opencv_ts300.lib opencv_world300.lib IlmImf.lib ippicvmt.lib libjasper.lib libjpeg.lib libpng.lib libtiff.lib libwebp.lib opencv_calib3d300.lib opencv_core300.lib opencv_features2d300.lib opencv_flann300.lib opencv_highgui300.lib opencv_imgcodecs300.lib opencv_imgproc300.lib opencv_ml300.lib opencv_objdetect300.lib opencv_photo300.lib opencv_shape300.lib opencv_stitching300.lib opencv_superres300.lib opencv_video300.lib opencv_videoio300.lib opencv_videostab300.lib zlib.lib opencv_hal300.lib kernel32.lib user32.lib gdi32.lib winspool.lib comdlg32.lib advapi32.lib shell32.lib ole32.lib oleaut32.lib uuid.lib odbc32.lib odbccp32.lib /MANIFEST /MANIFESTUAC:"level='asInvoker' uiAccess='false'" /manifest:embed /DEBUG /PDB:"I:\Code\CV\opencv\1\test10\SVM_SelfLearningNEG\Release\SVM_SelfLearningNEG.pdb" /OPT:REF /OPT:ICF /LTCG /TLBID:1 /DYNAMICBASE /NXCOMPAT /IMPLIB:"I:\Code\CV\opencv\1\test10\SVM_SelfLearningNEG\Release\SVM_SelfLearningNEG.lib" /MACHINE:X86 /SAFESEH "Release\源.obj"
         正在生成代码
         已完成代码的生成
         SVM_SelfLearningNEG.vcxproj -> I:\Code\CV\opencv\1\test10\SVM_SelfLearningNEG\Release\SVM_SelfLearningNEG.exe
     1>已完成生成项目“I:\Code\CV\opencv\1\test10\SVM_SelfLearningNEG\SVM_SelfLearningNEG\SVM_SelfLearningNEG.vcxproj”(Build 个目标)的操作。

生成成功。

已用时间 00:00:01.57
