生成启动时间为 2016/6/9 12:56:29。
     1>项目“G:\opencv\1\test10\SVM_SelfLearningNEG\SVM_SelfLearningNEG\SVM_SelfLearningNEG.vcxproj”在节点 2 上(Build 个目标)。
     1>ClCompile:
         C:\Program Files (x86)\Microsoft Visual Studio 11.0\VC\bin\CL.exe /c /ZI /nologo /W3 /WX- /Od /Oy- /D _MBCS /Gm /EHsc /RTC1 /MDd /GS /fp:precise /Zc:wchar_t /Zc:forScope /Fo"Debug\\" /Fd"Debug\vc110.pdb" /Gd /TP /analyze- /errorReport:prompt "源.cpp"
         源.cpp
     1>c:\program files (x86)\opencv\build\include\opencv2\core\mat.hpp(1965): warning C4819: 该文件包含不能在当前代码页(936)中表示的字符。请将该文件保存为 Unicode 格式以防止数据丢失
     1>c:\program files (x86)\opencv\build\include\opencv2\core\persistence.hpp : warning C4819: 该文件包含不能在当前代码页(936)中表示的字符。请将该文件保存为 Unicode 格式以防止数据丢失
     1>c:\program files (x86)\opencv\build\include\opencv2\core\utility.hpp : warning C4819: 该文件包含不能在当前代码页(936)中表示的字符。请将该文件保存为 Unicode 格式以防止数据丢失
     1>g:\opencv\1\test10\svm_selflearningneg\svm_selflearningneg\源.cpp(31): warning C4996: 'fopen': This function or variable may be unsafe. Consider using fopen_s instead. To disable deprecation, use _CRT_SECURE_NO_WARNINGS. See online help for details.
                 c:\program files (x86)\microsoft visual studio 11.0\vc\include\stdio.h(218) : 参见“fopen”的声明
     1>g:\opencv\1\test10\svm_selflearningneg\svm_selflearningneg\源.cpp(32): warning C4996: 'fopen': This function or variable may be unsafe. Consider using fopen_s instead. To disable deprecation, use _CRT_SECURE_NO_WARNINGS. See online help for details.
                 c:\program files (x86)\microsoft visual studio 11.0\vc\include\stdio.h(218) : 参见“fopen”的声明
     1>g:\opencv\1\test10\svm_selflearningneg\svm_selflearningneg\源.cpp(62): warning C4996: 'sprintf': This function or variable may be unsafe. Consider using sprintf_s instead. To disable deprecation, use _CRT_SECURE_NO_WARNINGS. See online help for details.
                 c:\program files (x86)\microsoft visual studio 11.0\vc\include\stdio.h(357) : 参见“sprintf”的声明
     1>g:\opencv\1\test10\svm_selflearningneg\svm_selflearningneg\源.cpp(69): warning C4018: “<”: 有符号/无符号不匹配
     1>g:\opencv\1\test10\svm_selflearningneg\svm_selflearningneg\源.cpp(90): warning C4996: 'sprintf': This function or variable may be unsafe. Consider using sprintf_s instead. To disable deprecation, use _CRT_SECURE_NO_WARNINGS. See online help for details.
                 c:\program files (x86)\microsoft visual studio 11.0\vc\include\stdio.h(357) : 参见“sprintf”的声明
     1>g:\opencv\1\test10\svm_selflearningneg\svm_selflearningneg\源.cpp(97): warning C4018: “<”: 有符号/无符号不匹配
     1>g:\opencv\1\test10\svm_selflearningneg\svm_selflearningneg\源.cpp(184): warning C4996: 'fopen': This function or variable may be unsafe. Consider using fopen_s instead. To disable deprecation, use _CRT_SECURE_NO_WARNINGS. See online help for details.
                 c:\program files (x86)\microsoft visual studio 11.0\vc\include\stdio.h(218) : 参见“fopen”的声明
     1>g:\opencv\1\test10\svm_selflearningneg\svm_selflearningneg\源.cpp(186): warning C4018: “<”: 有符号/无符号不匹配
     1>g:\opencv\1\test10\svm_selflearningneg\svm_selflearningneg\源.cpp(193): warning C4996: 'sprintf': This function or variable may be unsafe. Consider using sprintf_s instead. To disable deprecation, use _CRT_SECURE_NO_WARNINGS. See online help for details.
                 c:\program files (x86)\microsoft visual studio 11.0\vc\include\stdio.h(357) : 参见“sprintf”的声明
       Link:
         C:\Program Files (x86)\Microsoft Visual Studio 11.0\VC\bin\link.exe /ERRORREPORT:PROMPT /OUT:"G:\opencv\1\test10\SVM_SelfLearningNEG\Debug\SVM_SelfLearningNEG.exe" /INCREMENTAL /NOLOGO opencv_ts300d.lib opencv_world300d.lib IlmImfd.lib libjasperd.lib libjpegd.lib libpngd.lib libtiffd.lib libwebpd.lib opencv_calib3d300d.lib opencv_core300d.lib opencv_features2d300d.lib opencv_flann300d.lib opencv_highgui300d.lib opencv_imgcodecs300d.lib opencv_imgproc300d.lib opencv_ml300d.lib opencv_objdetect300d.lib opencv_photo300d.lib opencv_shape300d.lib opencv_stitching300d.lib opencv_superres300d.lib opencv_video300d.lib opencv_videoio300d.lib opencv_videostab300d.lib zlibd.lib kernel32.lib user32.lib gdi32.lib winspool.lib comdlg32.lib advapi32.lib shell32.lib ole32.lib oleaut32.lib uuid.lib odbc32.lib odbccp32.lib /MANIFEST /MANIFESTUAC:"level='asInvoker' uiAccess='false'" /manifest:embed /DEBUG /PDB:"G:\opencv\1\test10\SVM_SelfLearningNEG\Debug\SVM_SelfLearningNEG.pdb" /LARGEADDRESSAWARE /TLBID:1 /DYNAMICBASE /NXCOMPAT /IMPLIB:"G:\opencv\1\test10\SVM_SelfLearningNEG\Debug\SVM_SelfLearningNEG.lib" /MACHINE:X86 "Debug\源.obj"
         SVM_SelfLearningNEG.vcxproj -> G:\opencv\1\test10\SVM_SelfLearningNEG\Debug\SVM_SelfLearningNEG.exe
     1>已完成生成项目“G:\opencv\1\test10\SVM_SelfLearningNEG\SVM_SelfLearningNEG\SVM_SelfLearningNEG.vcxproj”(Build 个目标)的操作。

生成成功。

已用时间 00:00:01.77
